2019-07-06 14:46:41,065 [Thread-10:10156] [django.db.backends:111] [utils:execute] [DEBUG]- (0.023) SELECT @@SQL_AUTO_IS_NULL; args=None
2019-07-06 14:46:41,085 [Thread-10:10156] [django.db.backends:111] [utils:execute] [DEBUG]- (0.020) SET SESSION TRANSACTION ISOLATION LEVEL READ COMMITTED; args=None
2019-07-06 14:46:41,109 [Thread-10:10156] [django.db.backends:111] [utils:execute] [DEBUG]- (0.024) SELECT `django_session`.`session_key`, `django_session`.`session_data`, `django_session`.`expire_date` FROM `django_session` WHERE (`django_session`.`expire_date` > '2019-07-06 06:46:40.908424' AND `django_session`.`session_key` = 'zv0n285tzl2714qhcol8c8hbykv2ef1y'); args=('2019-07-06 06:46:40.908424', 'zv0n285tzl2714qhcol8c8hbykv2ef1y')
2019-07-06 14:46:41,131 [Thread-10:10156] [django.db.backends:111] [utils:execute] [DEBUG]- (0.020) SELECT `admin_user`.`admin_user_id`, `admin_user`.`username`, `admin_user`.`password`, `admin_user`.`api_token`, `admin_user`.`status`, `admin_user`.`created_at`, `admin_user`.`updated_at` FROM `admin_user` WHERE (`admin_user`.`password` = 'root_admin' AND `admin_user`.`username` = 'root_admin') ORDER BY `admin_user`.`admin_user_id` ASC  LIMIT 1; args=('root_admin', 'root_admin')
2019-07-06 14:46:41,154 [Thread-10:10156] [django.db.backends:111] [utils:execute] [DEBUG]- (0.021) SELECT COUNT(*) AS `__count` FROM `cate`; args=()
2019-07-06 14:46:41,176 [Thread-10:10156] [django.db.backends:111] [utils:execute] [DEBUG]- (0.021) SELECT COUNT(*) AS `__count` FROM `label`; args=()
2019-07-06 14:46:41,179 [Thread-10:10156] [django.server:124] [basehttp:log_message] [INFO]- "GET /admin/index HTTP/1.1" 200 6101
2019-07-06 14:46:41,201 [Thread-11:18116] [file_out.views:9] [LogDao:save_log_for_error] [ERROR]- ????
2019-07-06 14:46:41,354 [Thread-11:18116] [django.db.backends:111] [utils:execute] [DEBUG]- (0.021) SELECT @@SQL_AUTO_IS_NULL; args=None
2019-07-06 14:46:41,373 [Thread-11:18116] [django.db.backends:111] [utils:execute] [DEBUG]- (0.019) SET SESSION TRANSACTION ISOLATION LEVEL READ COMMITTED; args=None
2019-07-06 14:46:41,397 [Thread-11:18116] [django.db.backends:111] [utils:execute] [DEBUG]- (0.023) SELECT COUNT(*) AS `__count` FROM `article`; args=()
2019-07-06 14:46:41,488 [Thread-11:18116] [django.db.backends:111] [utils:execute] [DEBUG]- (0.091) SELECT `article`.`article_id`, `article`.`title`, `article`.`content`, `article`.`look_num`, `article`.`rate_num`, `article`.`comment_num`, `article`.`cate_id`, `article`.`status`, `article`.`created_at`, `article`.`updated_at` FROM `article` ORDER BY `article`.`article_id` DESC  LIMIT 15; args=()
2019-07-06 14:46:41,492 [Thread-11:18116] [django.server:124] [basehttp:log_message] [INFO]- "GET /admin/article_list HTTP/1.1" 200 8682
2019-07-06 14:46:41,530 [Thread-12:1464] [django.server:124] [basehttp:log_message] [INFO]- "GET /favicon.ico HTTP/1.1" 302 0
2019-07-06 14:46:41,711 [Thread-13:16048] [django.db.backends:111] [utils:execute] [DEBUG]- (0.027) SELECT @@SQL_AUTO_IS_NULL; args=None
2019-07-06 14:46:41,738 [Thread-13:16048] [django.db.backends:111] [utils:execute] [DEBUG]- (0.027) SET SESSION TRANSACTION ISOLATION LEVEL READ COMMITTED; args=None
2019-07-06 14:46:41,765 [Thread-13:16048] [django.db.backends:111] [utils:execute] [DEBUG]- (0.027) SELECT `django_session`.`session_key`, `django_session`.`session_data`, `django_session`.`expire_date` FROM `django_session` WHERE (`django_session`.`expire_date` > '2019-07-06 06:46:41.533871' AND `django_session`.`session_key` = 'zv0n285tzl2714qhcol8c8hbykv2ef1y'); args=('2019-07-06 06:46:41.533871', 'zv0n285tzl2714qhcol8c8hbykv2ef1y')
2019-07-06 14:46:41,792 [Thread-13:16048] [django.db.backends:111] [utils:execute] [DEBUG]- (0.026) SELECT `admin_user`.`admin_user_id`, `admin_user`.`username`, `admin_user`.`password`, `admin_user`.`api_token`, `admin_user`.`status`, `admin_user`.`created_at`, `admin_user`.`updated_at` FROM `admin_user` WHERE (`admin_user`.`password` = 'root_admin' AND `admin_user`.`username` = 'root_admin') ORDER BY `admin_user`.`admin_user_id` ASC  LIMIT 1; args=('root_admin', 'root_admin')
2019-07-06 14:46:41,819 [Thread-13:16048] [django.db.backends:111] [utils:execute] [DEBUG]- (0.025) SELECT COUNT(*) AS `__count` FROM `cate`; args=()
2019-07-06 14:46:41,845 [Thread-13:16048] [django.db.backends:111] [utils:execute] [DEBUG]- (0.024) SELECT COUNT(*) AS `__count` FROM `label`; args=()
2019-07-06 14:46:41,846 [Thread-13:16048] [django.server:124] [basehttp:log_message] [INFO]- "GET /admin/index HTTP/1.1" 200 6101
2019-07-06 14:47:14,203 [Dummy-1:7668] [django.db.backends:111] [utils:execute] [DEBUG]- (0.029) SELECT @@SQL_AUTO_IS_NULL; args=None
2019-07-06 14:47:14,236 [Dummy-1:7668] [django.db.backends:111] [utils:execute] [DEBUG]- (0.032) SET SESSION TRANSACTION ISOLATION LEVEL READ COMMITTED; args=None
2019-07-06 14:47:14,268 [Dummy-1:7668] [django.db.backends:111] [utils:execute] [DEBUG]- (0.031) SHOW FULL TABLES; args=None
2019-07-06 14:47:14,301 [Dummy-1:7668] [django.db.backends:111] [utils:execute] [DEBUG]- (0.030) SELECT `django_migrations`.`app`, `django_migrations`.`name` FROM `django_migrations`; args=()
2019-07-06 14:47:16,773 [Thread-2:16168] [django.db.backends:111] [utils:execute] [DEBUG]- (0.020) SELECT @@SQL_AUTO_IS_NULL; args=None
2019-07-06 14:47:16,790 [Thread-2:16168] [django.db.backends:111] [utils:execute] [DEBUG]- (0.017) SET SESSION TRANSACTION ISOLATION LEVEL READ COMMITTED; args=None
2019-07-06 14:47:16,811 [Thread-2:16168] [django.db.backends:111] [utils:execute] [DEBUG]- (0.020) SELECT `django_session`.`session_key`, `django_session`.`session_data`, `django_session`.`expire_date` FROM `django_session` WHERE (`django_session`.`expire_date` > '2019-07-06 06:47:16.633492' AND `django_session`.`session_key` = 'zv0n285tzl2714qhcol8c8hbykv2ef1y'); args=('2019-07-06 06:47:16.633492', 'zv0n285tzl2714qhcol8c8hbykv2ef1y')
2019-07-06 14:47:16,831 [Thread-2:16168] [django.db.backends:111] [utils:execute] [DEBUG]- (0.020) SELECT `admin_user`.`admin_user_id`, `admin_user`.`username`, `admin_user`.`password`, `admin_user`.`api_token`, `admin_user`.`status`, `admin_user`.`created_at`, `admin_user`.`updated_at` FROM `admin_user` WHERE (`admin_user`.`password` = 'root_admin' AND `admin_user`.`username` = 'root_admin') ORDER BY `admin_user`.`admin_user_id` ASC  LIMIT 1; args=('root_admin', 'root_admin')
2019-07-06 14:47:16,853 [Thread-2:16168] [django.db.backends:111] [utils:execute] [DEBUG]- (0.017) SELECT COUNT(*) AS `__count` FROM `cate`; args=()
2019-07-06 14:47:16,872 [Thread-2:16168] [django.db.backends:111] [utils:execute] [DEBUG]- (0.018) SELECT COUNT(*) AS `__count` FROM `label`; args=()
2019-07-06 14:47:16,879 [Thread-2:16168] [django.server:124] [basehttp:log_message] [INFO]- "GET /admin/index HTTP/1.1" 200 6101
2019-07-06 14:47:16,938 [Thread-3:16308] [file_out.views:9] [LogDao:save_log_for_error] [ERROR]- 31312312312
2019-07-06 14:47:17,073 [Thread-3:16308] [django.db.backends:111] [utils:execute] [DEBUG]- (0.020) SELECT @@SQL_AUTO_IS_NULL; args=None
2019-07-06 14:47:17,092 [Thread-3:16308] [django.db.backends:111] [utils:execute] [DEBUG]- (0.019) SET SESSION TRANSACTION ISOLATION LEVEL READ COMMITTED; args=None
2019-07-06 14:47:17,113 [Thread-3:16308] [django.db.backends:111] [utils:execute] [DEBUG]- (0.020) SELECT COUNT(*) AS `__count` FROM `article`; args=()
2019-07-06 14:47:17,161 [Thread-3:16308] [django.db.backends:111] [utils:execute] [DEBUG]- (0.044) SELECT `article`.`article_id`, `article`.`title`, `article`.`content`, `article`.`look_num`, `article`.`rate_num`, `article`.`comment_num`, `article`.`cate_id`, `article`.`status`, `article`.`created_at`, `article`.`updated_at` FROM `article` ORDER BY `article`.`article_id` DESC  LIMIT 15; args=()
2019-07-06 14:47:17,173 [Thread-3:16308] [django.server:124] [basehttp:log_message] [INFO]- "GET /admin/article_list HTTP/1.1" 200 8682
2019-07-06 14:47:17,259 [Thread-4:4088] [django.server:124] [basehttp:log_message] [INFO]- "GET /favicon.ico HTTP/1.1" 302 0
2019-07-06 14:47:17,458 [Thread-5:12788] [django.db.backends:111] [utils:execute] [DEBUG]- (0.028) SELECT @@SQL_AUTO_IS_NULL; args=None
2019-07-06 14:47:17,483 [Thread-5:12788] [django.db.backends:111] [utils:execute] [DEBUG]- (0.024) SET SESSION TRANSACTION ISOLATION LEVEL READ COMMITTED; args=None
2019-07-06 14:47:17,511 [Thread-5:12788] [django.db.backends:111] [utils:execute] [DEBUG]- (0.027) SELECT `django_session`.`session_key`, `django_session`.`session_data`, `django_session`.`expire_date` FROM `django_session` WHERE (`django_session`.`expire_date` > '2019-07-06 06:47:17.265801' AND `django_session`.`session_key` = 'zv0n285tzl2714qhcol8c8hbykv2ef1y'); args=('2019-07-06 06:47:17.265801', 'zv0n285tzl2714qhcol8c8hbykv2ef1y')
2019-07-06 14:47:17,541 [Thread-5:12788] [django.db.backends:111] [utils:execute] [DEBUG]- (0.029) SELECT `admin_user`.`admin_user_id`, `admin_user`.`username`, `admin_user`.`password`, `admin_user`.`api_token`, `admin_user`.`status`, `admin_user`.`created_at`, `admin_user`.`updated_at` FROM `admin_user` WHERE (`admin_user`.`password` = 'root_admin' AND `admin_user`.`username` = 'root_admin') ORDER BY `admin_user`.`admin_user_id` ASC  LIMIT 1; args=('root_admin', 'root_admin')
2019-07-06 14:47:17,572 [Thread-5:12788] [django.db.backends:111] [utils:execute] [DEBUG]- (0.029) SELECT COUNT(*) AS `__count` FROM `cate`; args=()
2019-07-06 14:47:17,600 [Thread-5:12788] [django.db.backends:111] [utils:execute] [DEBUG]- (0.027) SELECT COUNT(*) AS `__count` FROM `label`; args=()
2019-07-06 14:47:17,602 [Thread-5:12788] [django.server:124] [basehttp:log_message] [INFO]- "GET /admin/index HTTP/1.1" 200 6101
2019-07-06 14:47:46,599 [Thread-6:17176] [django.db.backends:111] [utils:execute] [DEBUG]- (0.022) SELECT @@SQL_AUTO_IS_NULL; args=None
2019-07-06 14:47:46,619 [Thread-6:17176] [django.db.backends:111] [utils:execute] [DEBUG]- (0.020) SET SESSION TRANSACTION ISOLATION LEVEL READ COMMITTED; args=None
2019-07-06 14:47:46,640 [Thread-6:17176] [django.db.backends:111] [utils:execute] [DEBUG]- (0.020) SELECT `django_session`.`session_key`, `django_session`.`session_data`, `django_session`.`expire_date` FROM `django_session` WHERE (`django_session`.`expire_date` > '2019-07-06 06:47:46.453559' AND `django_session`.`session_key` = 'zv0n285tzl2714qhcol8c8hbykv2ef1y'); args=('2019-07-06 06:47:46.453559', 'zv0n285tzl2714qhcol8c8hbykv2ef1y')
2019-07-06 14:47:46,663 [Thread-6:17176] [django.db.backends:111] [utils:execute] [DEBUG]- (0.021) SELECT `admin_user`.`admin_user_id`, `admin_user`.`username`, `admin_user`.`password`, `admin_user`.`api_token`, `admin_user`.`status`, `admin_user`.`created_at`, `admin_user`.`updated_at` FROM `admin_user` WHERE (`admin_user`.`password` = 'root_admin' AND `admin_user`.`username` = 'root_admin') ORDER BY `admin_user`.`admin_user_id` ASC  LIMIT 1; args=('root_admin', 'root_admin')
2019-07-06 14:47:46,682 [Thread-6:17176] [django.db.backends:111] [utils:execute] [DEBUG]- (0.017) SELECT COUNT(*) AS `__count` FROM `cate`; args=()
2019-07-06 14:47:46,701 [Thread-6:17176] [django.db.backends:111] [utils:execute] [DEBUG]- (0.018) SELECT COUNT(*) AS `__count` FROM `label`; args=()
2019-07-06 14:47:46,702 [Thread-6:17176] [django.server:124] [basehttp:log_message] [INFO]- "GET /admin/index HTTP/1.1" 200 6101
2019-07-06 14:47:46,722 [Thread-7:12800] [file_out.views:9] [LogDao:save_log_for_error] [ERROR]- 31312312312
2019-07-06 14:47:46,857 [Thread-7:12800] [django.db.backends:111] [utils:execute] [DEBUG]- (0.020) SELECT @@SQL_AUTO_IS_NULL; args=None
2019-07-06 14:47:46,878 [Thread-7:12800] [django.db.backends:111] [utils:execute] [DEBUG]- (0.020) SET SESSION TRANSACTION ISOLATION LEVEL READ COMMITTED; args=None
2019-07-06 14:47:46,899 [Thread-7:12800] [django.db.backends:111] [utils:execute] [DEBUG]- (0.021) SELECT COUNT(*) AS `__count` FROM `article`; args=()
2019-07-06 14:47:46,945 [Thread-7:12800] [django.db.backends:111] [utils:execute] [DEBUG]- (0.044) SELECT `article`.`article_id`, `article`.`title`, `article`.`content`, `article`.`look_num`, `article`.`rate_num`, `article`.`comment_num`, `article`.`cate_id`, `article`.`status`, `article`.`created_at`, `article`.`updated_at` FROM `article` ORDER BY `article`.`article_id` DESC  LIMIT 15; args=()
2019-07-06 14:47:46,950 [Thread-7:12800] [django.server:124] [basehttp:log_message] [INFO]- "GET /admin/article_list HTTP/1.1" 200 8682
2019-07-06 14:47:46,997 [Thread-8:14456] [django.server:124] [basehttp:log_message] [INFO]- "GET /favicon.ico HTTP/1.1" 302 0
2019-07-06 14:47:47,124 [Thread-9:12804] [django.db.backends:111] [utils:execute] [DEBUG]- (0.021) SELECT @@SQL_AUTO_IS_NULL; args=None
2019-07-06 14:47:47,141 [Thread-9:12804] [django.db.backends:111] [utils:execute] [DEBUG]- (0.017) SET SESSION TRANSACTION ISOLATION LEVEL READ COMMITTED; args=None
2019-07-06 14:47:47,165 [Thread-9:12804] [django.db.backends:111] [utils:execute] [DEBUG]- (0.018) SELECT `django_session`.`session_key`, `django_session`.`session_data`, `django_session`.`expire_date` FROM `django_session` WHERE (`django_session`.`expire_date` > '2019-07-06 06:47:47.001674' AND `django_session`.`session_key` = 'zv0n285tzl2714qhcol8c8hbykv2ef1y'); args=('2019-07-06 06:47:47.001674', 'zv0n285tzl2714qhcol8c8hbykv2ef1y')
2019-07-06 14:47:47,186 [Thread-9:12804] [django.db.backends:111] [utils:execute] [DEBUG]- (0.019) SELECT `admin_user`.`admin_user_id`, `admin_user`.`username`, `admin_user`.`password`, `admin_user`.`api_token`, `admin_user`.`status`, `admin_user`.`created_at`, `admin_user`.`updated_at` FROM `admin_user` WHERE (`admin_user`.`password` = 'root_admin' AND `admin_user`.`username` = 'root_admin') ORDER BY `admin_user`.`admin_user_id` ASC  LIMIT 1; args=('root_admin', 'root_admin')
2019-07-06 14:47:47,207 [Thread-9:12804] [django.db.backends:111] [utils:execute] [DEBUG]- (0.018) SELECT COUNT(*) AS `__count` FROM `cate`; args=()
2019-07-06 14:47:47,227 [Thread-9:12804] [django.db.backends:111] [utils:execute] [DEBUG]- (0.019) SELECT COUNT(*) AS `__count` FROM `label`; args=()
2019-07-06 14:47:47,231 [Thread-9:12804] [django.server:124] [basehttp:log_message] [INFO]- "GET /admin/index HTTP/1.1" 200 6101
2019-07-06 14:48:50,391 [Dummy-1:7008] [django.db.backends:111] [utils:execute] [DEBUG]- (0.027) SELECT @@SQL_AUTO_IS_NULL; args=None
2019-07-06 14:48:50,416 [Dummy-1:7008] [django.db.backends:111] [utils:execute] [DEBUG]- (0.024) SET SESSION TRANSACTION ISOLATION LEVEL READ COMMITTED; args=None
2019-07-06 14:48:50,444 [Dummy-1:7008] [django.db.backends:111] [utils:execute] [DEBUG]- (0.028) SHOW FULL TABLES; args=None
2019-07-06 14:48:50,472 [Dummy-1:7008] [django.db.backends:111] [utils:execute] [DEBUG]- (0.025) SELECT `django_migrations`.`app`, `django_migrations`.`name` FROM `django_migrations`; args=()
2019-07-06 14:49:14,166 [Dummy-1:20196] [django.db.backends:111] [utils:execute] [DEBUG]- (0.024) SELECT @@SQL_AUTO_IS_NULL; args=None
2019-07-06 14:49:14,194 [Dummy-1:20196] [django.db.backends:111] [utils:execute] [DEBUG]- (0.027) SET SESSION TRANSACTION ISOLATION LEVEL READ COMMITTED; args=None
2019-07-06 14:49:14,221 [Dummy-1:20196] [django.db.backends:111] [utils:execute] [DEBUG]- (0.027) SHOW FULL TABLES; args=None
2019-07-06 14:49:14,248 [Dummy-1:20196] [django.db.backends:111] [utils:execute] [DEBUG]- (0.025) SELECT `django_migrations`.`app`, `django_migrations`.`name` FROM `django_migrations`; args=()
2019-07-06 14:49:15,806 [Thread-2:15352] [django.db.backends:111] [utils:execute] [DEBUG]- (0.019) SELECT @@SQL_AUTO_IS_NULL; args=None
2019-07-06 14:49:15,823 [Thread-2:15352] [django.db.backends:111] [utils:execute] [DEBUG]- (0.016) SET SESSION TRANSACTION ISOLATION LEVEL READ COMMITTED; args=None
2019-07-06 14:49:15,842 [Thread-2:15352] [django.db.backends:111] [utils:execute] [DEBUG]- (0.018) SELECT `django_session`.`session_key`, `django_session`.`session_data`, `django_session`.`expire_date` FROM `django_session` WHERE (`django_session`.`expire_date` > '2019-07-06 06:49:15.673837' AND `django_session`.`session_key` = 'zv0n285tzl2714qhcol8c8hbykv2ef1y'); args=('2019-07-06 06:49:15.673837', 'zv0n285tzl2714qhcol8c8hbykv2ef1y')
2019-07-06 14:49:15,864 [Thread-2:15352] [django.db.backends:111] [utils:execute] [DEBUG]- (0.021) SELECT `admin_user`.`admin_user_id`, `admin_user`.`username`, `admin_user`.`password`, `admin_user`.`api_token`, `admin_user`.`status`, `admin_user`.`created_at`, `admin_user`.`updated_at` FROM `admin_user` WHERE (`admin_user`.`password` = 'root_admin' AND `admin_user`.`username` = 'root_admin') ORDER BY `admin_user`.`admin_user_id` ASC  LIMIT 1; args=('root_admin', 'root_admin')
2019-07-06 14:49:15,886 [Thread-2:15352] [django.db.backends:111] [utils:execute] [DEBUG]- (0.018) SELECT COUNT(*) AS `__count` FROM `cate`; args=()
2019-07-06 14:49:15,905 [Thread-2:15352] [django.db.backends:111] [utils:execute] [DEBUG]- (0.017) SELECT COUNT(*) AS `__count` FROM `label`; args=()
2019-07-06 14:49:15,913 [Thread-2:15352] [django.server:124] [basehttp:log_message] [INFO]- "GET /admin/index HTTP/1.1" 200 6101
2019-07-06 14:49:15,932 [Thread-3:3008] [file_out.views:11] [LogDao:save_log_for_error] [ERROR]- a:1
2019-07-06 14:49:15,932 [Thread-3:3008] [file_out.views:11] [LogDao:save_log_for_error] [ERROR]- b:2
2019-07-06 14:49:15,932 [Thread-3:3008] [file_out.views:11] [LogDao:save_log_for_error] [ERROR]- c:3
2019-07-06 14:49:16,069 [Thread-3:3008] [django.db.backends:111] [utils:execute] [DEBUG]- (0.019) SELECT @@SQL_AUTO_IS_NULL; args=None
2019-07-06 14:49:16,088 [Thread-3:3008] [django.db.backends:111] [utils:execute] [DEBUG]- (0.018) SET SESSION TRANSACTION ISOLATION LEVEL READ COMMITTED; args=None
2019-07-06 14:49:16,108 [Thread-3:3008] [django.db.backends:111] [utils:execute] [DEBUG]- (0.019) SELECT COUNT(*) AS `__count` FROM `article`; args=()
2019-07-06 14:49:16,152 [Thread-3:3008] [django.db.backends:111] [utils:execute] [DEBUG]- (0.040) SELECT `article`.`article_id`, `article`.`title`, `article`.`content`, `article`.`look_num`, `article`.`rate_num`, `article`.`comment_num`, `article`.`cate_id`, `article`.`status`, `article`.`created_at`, `article`.`updated_at` FROM `article` ORDER BY `article`.`article_id` DESC  LIMIT 15; args=()
2019-07-06 14:49:16,155 [Thread-3:3008] [django.server:124] [basehttp:log_message] [INFO]- "GET /admin/article_list HTTP/1.1" 200 8682
2019-07-06 14:49:16,192 [Thread-4:7636] [django.server:124] [basehttp:log_message] [INFO]- "GET /favicon.ico HTTP/1.1" 302 0
2019-07-06 14:49:16,414 [Thread-5:16176] [django.db.backends:111] [utils:execute] [DEBUG]- (0.032) SELECT @@SQL_AUTO_IS_NULL; args=None
2019-07-06 14:49:16,444 [Thread-5:16176] [django.db.backends:111] [utils:execute] [DEBUG]- (0.030) SET SESSION TRANSACTION ISOLATION LEVEL READ COMMITTED; args=None
2019-07-06 14:49:16,474 [Thread-5:16176] [django.db.backends:111] [utils:execute] [DEBUG]- (0.030) SELECT `django_session`.`session_key`, `django_session`.`session_data`, `django_session`.`expire_date` FROM `django_session` WHERE (`django_session`.`expire_date` > '2019-07-06 06:49:16.196435' AND `django_session`.`session_key` = 'zv0n285tzl2714qhcol8c8hbykv2ef1y'); args=('2019-07-06 06:49:16.196435', 'zv0n285tzl2714qhcol8c8hbykv2ef1y')
2019-07-06 14:49:16,507 [Thread-5:16176] [django.db.backends:111] [utils:execute] [DEBUG]- (0.032) SELECT `admin_user`.`admin_user_id`, `admin_user`.`username`, `admin_user`.`password`, `admin_user`.`api_token`, `admin_user`.`status`, `admin_user`.`created_at`, `admin_user`.`updated_at` FROM `admin_user` WHERE (`admin_user`.`password` = 'root_admin' AND `admin_user`.`username` = 'root_admin') ORDER BY `admin_user`.`admin_user_id` ASC  LIMIT 1; args=('root_admin', 'root_admin')
2019-07-06 14:49:16,540 [Thread-5:16176] [django.db.backends:111] [utils:execute] [DEBUG]- (0.032) SELECT COUNT(*) AS `__count` FROM `cate`; args=()
2019-07-06 14:49:16,572 [Thread-5:16176] [django.db.backends:111] [utils:execute] [DEBUG]- (0.032) SELECT COUNT(*) AS `__count` FROM `label`; args=()
2019-07-06 14:49:16,574 [Thread-5:16176] [django.server:124] [basehttp:log_message] [INFO]- "GET /admin/index HTTP/1.1" 200 6101
2019-07-06 14:49:33,391 [Dummy-1:13500] [django.db.backends:111] [utils:execute] [DEBUG]- (0.021) SELECT @@SQL_AUTO_IS_NULL; args=None
2019-07-06 14:49:33,417 [Dummy-1:13500] [django.db.backends:111] [utils:execute] [DEBUG]- (0.026) SET SESSION TRANSACTION ISOLATION LEVEL READ COMMITTED; args=None
2019-07-06 14:49:33,443 [Dummy-1:13500] [django.db.backends:111] [utils:execute] [DEBUG]- (0.025) SHOW FULL TABLES; args=None
2019-07-06 14:49:33,464 [Dummy-1:13500] [django.db.backends:111] [utils:execute] [DEBUG]- (0.019) SELECT `django_migrations`.`app`, `django_migrations`.`name` FROM `django_migrations`; args=()
